06-30-2022 @ 05:50:34 - 3.1.0 - No subscription webhooks found using API version 3. No updates needed.
06-30-2022 @ 05:50:34 - 3.1.6 upgrade complete from Subscriptions v0 while WooCommerce WC_VERSION 6.6.1 and database version 6.6.1 was active.
06-30-2022 @ 05:50:34 - Environment info:
06-30-2022 @ 05:50:34 -     WordPress Version : 6.0
06-30-2022 @ 05:50:34 - Active Plugins:
06-30-2022 @ 05:50:34 -     Akismet Anti-Spam by Automattic – 4.2.4
06-30-2022 @ 05:50:34 -     Contact Form 7 by Takayuki Miyoshi – 5.6
06-30-2022 @ 05:50:34 -     Envato Market by Envato – 2.0.3
06-30-2022 @ 05:50:34 -     Goodlayers Personnel Post Type by Goodlayers – 1.3.0
06-30-2022 @ 05:50:34 -     Goodlayers Portfolio Post Type by Goodlayers – 1.3.7
06-30-2022 @ 05:50:34 -     Goodlayers Twitter by Goodlayers – 1.0.3
06-30-2022 @ 05:50:34 -     Goodlayers Core by Goodlayers – 1.8.8
06-30-2022 @ 05:50:34 -     Google Listings and Ads by WooCommerce – 1.13.6
06-30-2022 @ 05:50:34 -     Hello Dolly by Matt Mullenweg – 1.7.2
06-30-2022 @ 05:50:34 -     Jetpack by Automattic – 11.0
06-30-2022 @ 05:50:34 -     MailPoet 3 (New) by MailPoet – 3.91.0
06-30-2022 @ 05:50:34 -     Slider Revolution by ThemePunch – 6.5.24
06-30-2022 @ 05:50:34 -     Virtual Coin Widgets by RunCoders – 2.2.2
06-30-2022 @ 05:50:34 -     WooCommerce Payments by Automattic – 4.3.0
06-30-2022 @ 05:50:34 -     WooCommerce Shipping & Tax by WooCommerce – 1.26.1
06-30-2022 @ 05:50:34 -     WooCommerce by Automattic – 6.6.1
06-30-2022 @ 05:50:34 -     WP Google Map Plugin by flippercode – 4.3.0
